
> web@0.1.0 build
> next build

▲ Next.js 16.1.1 (Turbopack)
- Environments: .env.local

  Creating an optimized production build ...
✓ Compiled successfully in 2.7min
  Running TypeScript ...
  Collecting page data using 1 worker ...
  Generating static pages using 1 worker (0/3) ...
✓ Generating static pages using 1 worker (3/3) in 2.9s
  Finalizing page optimization ...

Route (app)
┌ ○ /
├ ○ /_not-found
├ ƒ /[lang]
├ ƒ /[lang]/about
├ ƒ /[lang]/chef/[id]
├ ƒ /[lang]/contact
├ ƒ /[lang]/events
├ ƒ /[lang]/manifesto
└ ƒ /[lang]/services


○  (Static)   prerendered as static content
ƒ  (Dynamic)  server-rendered on demand

